# JRE version: Java(TM) SE Runtime Environment (8.0_65-b17) (build 1.8.0_65-b17)
# Java VM: Java HotSpot(TM) 64-Bit Server VM (25.65-b01 mixed mode bsd-amd64 compressed oops)
Heap:
 PSYoungGen      total 20480K, used 19269K [0x00000007aab00000, 0x00000007acd00000, 0x00000007c0000000)
  eden space 16384K, 95% used [0x00000007aab00000,0x00000007aba51608,0x00000007abb00000)
  from space 4096K, 87% used [0x00000007abb00000,0x00000007abe800c0,0x00000007abf00000)
  to   space 9216K, 0% used [0x00000007ac400000,0x00000007ac400000,0x00000007acd00000)
 ParOldGen       total 44032K, used 17343K [0x0000000780000000, 0x0000000782b00000, 0x00000007aab00000)
  object space 44032K, 39% used [0x0000000780000000,0x00000007810efda8,0x0000000782b00000)
 Metaspace       used 20956K, capacity 21139K, committed 21296K, reserved 1069056K
  class space    used 2046K, capacity 2112K, committed 2176K, reserved 1048576K
GC Heap History (10 events):
Event: 24.133 GC heap before
{Heap before GC invocations=3 (full 0):
 PSYoungGen      total 18944K, used 18912K [0x00000007aab00000, 0x00000007ac000000, 0x00000007c0000000)
  eden space 16384K, 100% used [0x00000007aab00000,0x00000007abb00000,0x00000007abb00000)
  from space 2560K, 98% used [0x00000007abd80000,0x00000007abff8020,0x00000007ac000000)
  to   space 2560K, 0% used [0x00000007abb00000,0x00000007abb00000,0x00000007abd80000)
 ParOldGen       total 44032K, used 2502K [0x0000000780000000, 0x0000000782b00000, 0x00000007aab00000)
  object space 44032K, 5% used [0x0000000780000000,0x0000000780271828,0x0000000782b00000)
 Metaspace       used 17289K, capacity 17527K, committed 17792K, reserved 1064960K
  class space    used 1760K, capacity 1852K, committed 1920K, reserved 1048576K
Event: 24.146 GC heap after
Heap after GC invocations=3 (full 0):
 PSYoungGen      total 18944K, used 2528K [0x00000007aab00000, 0x00000007ac000000, 0x00000007c0000000)
  eden space 16384K, 0% used [0x00000007aab00000,0x00000007aab00000,0x00000007abb00000)
  from space 2560K, 98% used [0x00000007abb00000,0x00000007abd78040,0x00000007abd80000)
  to   space 2560K, 0% used [0x00000007abd80000,0x00000007abd80000,0x00000007ac000000)
 ParOldGen       total 44032K, used 6583K [0x0000000780000000, 0x0000000782b00000, 0x00000007aab00000)
  object space 44032K, 14% used [0x0000000780000000,0x000000078066dd30,0x0000000782b00000)
 Metaspace       used 17289K, capacity 17527K, committed 17792K, reserved 1064960K
  class space    used 1760K, capacity 1852K, committed 1920K, reserved 1048576K
}
Event: 25.609 GC heap before
{Heap before GC invocations=4 (full 0):
 PSYoungGen      total 18944K, used 18912K [0x00000007aab00000, 0x00000007ac000000, 0x00000007c0000000)
  eden space 16384K, 100% used [0x00000007aab00000,0x00000007abb00000,0x00000007abb00000)
  from space 2560K, 98% used [0x00000007abb00000,0x00000007abd78040,0x00000007abd80000)
  to   space 2560K, 0% used [0x00000007abd80000,0x00000007abd80000,0x00000007ac000000)
 ParOldGen       total 44032K, used 6583K [0x0000000780000000, 0x0000000782b00000, 0x00000007aab00000)
  object space 44032K, 14% used [0x0000000780000000,0x000000078066dd30,0x0000000782b00000)
 Metaspace       used 19676K, capacity 19875K, committed 20096K, reserved 1067008K
  class space    used 1998K, capacity 2078K, committed 2176K, reserved 1048576K
Event: 25.617 GC heap after
Heap after GC invocations=4 (full 0):
 PSYoungGen      total 18944K, used 2528K [0x00000007aab00000, 0x00000007ac000000, 0x00000007c0000000)
  eden space 16384K, 0% used [0x00000007aab00000,0x00000007aab00000,0x00000007abb00000)
  from space 2560K, 98% used [0x00000007abd80000,0x00000007abff8030,0x00000007ac000000)
  to   space 2560K, 0% used [0x00000007abb00000,0x00000007abb00000,0x00000007abd80000)
 ParOldGen       total 44032K, used 13633K [0x0000000780000000, 0x0000000782b00000, 0x00000007aab00000)
  object space 44032K, 30% used [0x0000000780000000,0x0000000780d506f8,0x0000000782b00000)
 Metaspace       used 19676K, capacity 19875K, committed 20096K, reserved 1067008K
  class space    used 1998K, capacity 2078K, committed 2176K, reserved 1048576K
}
Event: 26.348 GC heap before
{Heap before GC invocations=5 (full 0):
 PSYoungGen      total 18944K, used 18830K [0x00000007aab00000, 0x00000007ac000000, 0x00000007c0000000)
  eden space 16384K, 99% used [0x00000007aab00000,0x00000007abaeba28,0x00000007abb00000)
  from space 2560K, 98% used [0x00000007abd80000,0x00000007abff8030,0x00000007ac000000)
  to   space 2560K, 0% used [0x00000007abb00000,0x00000007abb00000,0x00000007abd80000)
 ParOldGen       total 44032K, used 13633K [0x0000000780000000, 0x0000000782b00000, 0x00000007aab00000)
  object space 44032K, 30% used [0x0000000780000000,0x0000000780d506f8,0x0000000782b00000)
 Metaspace       used 20323K, capacity 20493K, committed 20608K, reserved 1067008K
  class space    used 2035K, capacity 2111K, committed 2176K, reserved 1048576K
Event: 26.359 GC heap after
Heap after GC invocations=5 (full 0):
 PSYoungGen      total 18944K, used 2544K [0x00000007aab00000, 0x00000007ace00000, 0x00000007c0000000)
  eden space 16384K, 0% used [0x00000007aab00000,0x00000007aab00000,0x00000007abb00000)
  from space 2560K, 99% used [0x00000007abb00000,0x00000007abd7c040,0x00000007abd80000)
  to   space 9728K, 0% used [0x00000007ac480000,0x00000007ac480000,0x00000007ace00000)
 ParOldGen       total 44032K, used 16179K [0x0000000780000000, 0x0000000782b00000, 0x00000007aab00000)
  object space 44032K, 36% used [0x0000000780000000,0x0000000780fccd48,0x0000000782b00000)
 Metaspace       used 20323K, capacity 20493K, committed 20608K, reserved 1067008K
  class space    used 2035K, capacity 2111K, committed 2176K, reserved 1048576K
}
Event: 27.529 GC heap before
{Heap before GC invocations=6 (full 0):
 PSYoungGen      total 18944K, used 18928K [0x00000007aab00000, 0x00000007ace00000, 0x00000007c0000000)
  eden space 16384K, 100% used [0x00000007aab00000,0x00000007abb00000,0x00000007abb00000)
  from space 2560K, 99% used [0x00000007abb00000,0x00000007abd7c040,0x00000007abd80000)
  to   space 9728K, 0% used [0x00000007ac480000,0x00000007ac480000,0x00000007ace00000)
 ParOldGen       total 44032K, used 16179K [0x0000000780000000, 0x0000000782b00000, 0x00000007aab00000)
  object space 44032K, 36% used [0x0000000780000000,0x0000000780fccd48,0x0000000782b00000)
 Metaspace       used 20536K, capacity 20749K, committed 20864K, reserved 1069056K
  class space    used 2035K, capacity 2111K, committed 2176K, reserved 1048576K
Event: 27.537 GC heap after
Heap after GC invocations=6 (full 0):
 PSYoungGen      total 26112K, used 4720K [0x00000007aab00000, 0x00000007ace00000, 0x00000007c0000000)
  eden space 16384K, 0% used [0x00000007aab00000,0x00000007aab00000,0x00000007abb00000)
  from space 9728K, 48% used [0x00000007ac480000,0x00000007ac91c0d0,0x00000007ace00000)
  to   space 9728K, 0% used [0x00000007abb00000,0x00000007abb00000,0x00000007ac480000)
 ParOldGen       total 44032K, used 16179K [0x0000000780000000, 0x0000000782b00000, 0x00000007aab00000)
  object space 44032K, 36% used [0x0000000780000000,0x0000000780fccd48,0x0000000782b00000)
 Metaspace       used 20536K, capacity 20749K, committed 20864K, reserved 1069056K
  class space    used 2035K, capacity 2111K, committed 2176K, reserved 1048576K
}
Event: 30.825 GC heap before
{Heap before GC invocations=7 (full 0):
 PSYoungGen      total 26112K, used 21104K [0x00000007aab00000, 0x00000007ace00000, 0x00000007c0000000)
  eden space 16384K, 100% used [0x00000007aab00000,0x00000007abb00000,0x00000007abb00000)
  from space 9728K, 48% used [0x00000007ac480000,0x00000007ac91c0d0,0x00000007ace00000)
  to   space 9728K, 0% used [0x00000007abb00000,0x00000007abb00000,0x00000007ac480000)
 ParOldGen       total 44032K, used 16179K [0x0000000780000000, 0x0000000782b00000, 0x00000007aab00000)
  object space 44032K, 36% used [0x0000000780000000,0x0000000780fccd48,0x0000000782b00000)
 Metaspace       used 20811K, capacity 21011K, committed 21120K, reserved 1069056K
  class space    used 2038K, capacity 2112K, committed 2176K, reserved 1048576K
Event: 30.833 GC heap after
Heap after GC invocations=7 (full 0):
 PSYoungGen      total 20480K, used 3584K [0x00000007aab00000, 0x00000007acd00000, 0x00000007c0000000)
  eden space 16384K, 0% used [0x00000007aab00000,0x00000007aab00000,0x00000007abb00000)
  from space 4096K, 87% used [0x00000007abb00000,0x00000007abe800c0,0x00000007abf00000)
  to   space 9216K, 0% used [0x00000007ac400000,0x00000007ac400000,0x00000007acd00000)
 ParOldGen       total 44032K, used 17343K [0x0000000780000000, 0x0000000782b00000, 0x00000007aab00000)
  object space 44032K, 39% used [0x0000000780000000,0x00000007810efda8,0x0000000782b00000)
 Metaspace       used 20811K, capacity 21011K, committed 21120K, reserved 1069056K
  class space    used 2038K, capacity 2112K, committed 2176K, reserved 1048576K
}

