# JRE version: Java(TM) SE Runtime Environment (8.0_65-b17) (build 1.8.0_65-b17)
# Java VM: Java HotSpot(TM) 64-Bit Server VM (25.65-b01 mixed mode bsd-amd64 compressed oops)
Heap:
 PSYoungGen      total 16896K, used 3700K [0x00000007aab00000, 0x00000007ac600000, 0x00000007c0000000)
  eden space 16384K, 21% used [0x00000007aab00000,0x00000007aae7d010,0x00000007abb00000)
  from space 512K, 25% used [0x00000007abb00000,0x00000007abb20000,0x00000007abb80000)
  to   space 5632K, 0% used [0x00000007ac080000,0x00000007ac080000,0x00000007ac600000)
 ParOldGen       total 39936K, used 16755K [0x0000000780000000, 0x0000000782700000, 0x00000007aab00000)
  object space 39936K, 41% used [0x0000000780000000,0x000000078105cee0,0x0000000782700000)
 Metaspace       used 20986K, capacity 21199K, committed 21552K, reserved 1069056K
  class space    used 2034K, capacity 2110K, committed 2176K, reserved 1048576K
GC Heap History (10 events):
Event: 39.294 GC heap before
{Heap before GC invocations=22 (full 1):
 PSYoungGen      total 23552K, used 16512K [0x00000007aab00000, 0x00000007aca00000, 0x00000007c0000000)
  eden space 16384K, 100% used [0x00000007aab00000,0x00000007abb00000,0x00000007abb00000)
  from space 7168K, 1% used [0x00000007ac300000,0x00000007ac320000,0x00000007aca00000)
  to   space 7680K, 0% used [0x00000007abb00000,0x00000007abb00000,0x00000007ac280000)
 ParOldGen       total 39936K, used 16747K [0x0000000780000000, 0x0000000782700000, 0x00000007aab00000)
  object space 39936K, 41% used [0x0000000780000000,0x000000078105aee0,0x0000000782700000)
 Metaspace       used 20942K, capacity 21103K, committed 21552K, reserved 1069056K
  class space    used 2026K, capacity 2078K, committed 2176K, reserved 1048576K
Event: 39.296 GC heap after
Heap after GC invocations=22 (full 1):
 PSYoungGen      total 16896K, used 128K [0x00000007aab00000, 0x00000007ac900000, 0x00000007c0000000)
  eden space 16384K, 0% used [0x00000007aab00000,0x00000007aab00000,0x00000007abb00000)
  from space 512K, 25% used [0x00000007abb00000,0x00000007abb20000,0x00000007abb80000)
  to   space 7168K, 0% used [0x00000007ac200000,0x00000007ac200000,0x00000007ac900000)
 ParOldGen       total 39936K, used 16747K [0x0000000780000000, 0x0000000782700000, 0x00000007aab00000)
  object space 39936K, 41% used [0x0000000780000000,0x000000078105aee0,0x0000000782700000)
 Metaspace       used 20942K, capacity 21103K, committed 21552K, reserved 1069056K
  class space    used 2026K, capacity 2078K, committed 2176K, reserved 1048576K
}
Event: 41.374 GC heap before
{Heap before GC invocations=23 (full 1):
 PSYoungGen      total 16896K, used 16512K [0x00000007aab00000, 0x00000007ac900000, 0x00000007c0000000)
  eden space 16384K, 100% used [0x00000007aab00000,0x00000007abb00000,0x00000007abb00000)
  from space 512K, 25% used [0x00000007abb00000,0x00000007abb20000,0x00000007abb80000)
  to   space 7168K, 0% used [0x00000007ac200000,0x00000007ac200000,0x00000007ac900000)
 ParOldGen       total 39936K, used 16747K [0x0000000780000000, 0x0000000782700000, 0x00000007aab00000)
  object space 39936K, 41% used [0x0000000780000000,0x000000078105aee0,0x0000000782700000)
 Metaspace       used 20942K, capacity 21103K, committed 21552K, reserved 1069056K
  class space    used 2026K, capacity 2078K, committed 2176K, reserved 1048576K
Event: 41.376 GC heap after
Heap after GC invocations=23 (full 1):
 PSYoungGen      total 22528K, used 160K [0x00000007aab00000, 0x00000007ac800000, 0x00000007c0000000)
  eden space 16384K, 0% used [0x00000007aab00000,0x00000007aab00000,0x00000007abb00000)
  from space 6144K, 2% used [0x00000007ac200000,0x00000007ac228000,0x00000007ac800000)
  to   space 6656K, 0% used [0x00000007abb00000,0x00000007abb00000,0x00000007ac180000)
 ParOldGen       total 39936K, used 16747K [0x0000000780000000, 0x0000000782700000, 0x00000007aab00000)
  object space 39936K, 41% used [0x0000000780000000,0x000000078105aee0,0x0000000782700000)
 Metaspace       used 20942K, capacity 21103K, committed 21552K, reserved 1069056K
  class space    used 2026K, capacity 2078K, committed 2176K, reserved 1048576K
}
Event: 43.467 GC heap before
{Heap before GC invocations=24 (full 1):
 PSYoungGen      total 22528K, used 16544K [0x00000007aab00000, 0x00000007ac800000, 0x00000007c0000000)
  eden space 16384K, 100% used [0x00000007aab00000,0x00000007abb00000,0x00000007abb00000)
  from space 6144K, 2% used [0x00000007ac200000,0x00000007ac228000,0x00000007ac800000)
  to   space 6656K, 0% used [0x00000007abb00000,0x00000007abb00000,0x00000007ac180000)
 ParOldGen       total 39936K, used 16747K [0x0000000780000000, 0x0000000782700000, 0x00000007aab00000)
  object space 39936K, 41% used [0x0000000780000000,0x000000078105aee0,0x0000000782700000)
 Metaspace       used 20942K, capacity 21103K, committed 21552K, reserved 1069056K
  class space    used 2026K, capacity 2078K, committed 2176K, reserved 1048576K
Event: 43.468 GC heap after
Heap after GC invocations=24 (full 1):
 PSYoungGen      total 23040K, used 128K [0x00000007aab00000, 0x00000007ac800000, 0x00000007c0000000)
  eden space 16384K, 0% used [0x00000007aab00000,0x00000007aab00000,0x00000007abb00000)
  from space 6656K, 1% used [0x00000007abb00000,0x00000007abb20000,0x00000007ac180000)
  to   space 6656K, 0% used [0x00000007ac180000,0x00000007ac180000,0x00000007ac800000)
 ParOldGen       total 39936K, used 16747K [0x0000000780000000, 0x0000000782700000, 0x00000007aab00000)
  object space 39936K, 41% used [0x0000000780000000,0x000000078105aee0,0x0000000782700000)
 Metaspace       used 20942K, capacity 21103K, committed 21552K, reserved 1069056K
  class space    used 2026K, capacity 2078K, committed 2176K, reserved 1048576K
}
Event: 45.531 GC heap before
{Heap before GC invocations=25 (full 1):
 PSYoungGen      total 23040K, used 16512K [0x00000007aab00000, 0x00000007ac800000, 0x00000007c0000000)
  eden space 16384K, 100% used [0x00000007aab00000,0x00000007abb00000,0x00000007abb00000)
  from space 6656K, 1% used [0x00000007abb00000,0x00000007abb20000,0x00000007ac180000)
  to   space 6656K, 0% used [0x00000007ac180000,0x00000007ac180000,0x00000007ac800000)
 ParOldGen       total 39936K, used 16747K [0x0000000780000000, 0x0000000782700000, 0x00000007aab00000)
  object space 39936K, 41% used [0x0000000780000000,0x000000078105aee0,0x0000000782700000)
 Metaspace       used 20948K, capacity 21167K, committed 21552K, reserved 1069056K
  class space    used 2026K, capacity 2078K, committed 2176K, reserved 1048576K
Event: 45.532 GC heap after
Heap after GC invocations=25 (full 1):
 PSYoungGen      total 22016K, used 160K [0x00000007aab00000, 0x00000007ac700000, 0x00000007c0000000)
  eden space 16384K, 0% used [0x00000007aab00000,0x00000007aab00000,0x00000007abb00000)
  from space 5632K, 2% used [0x00000007ac180000,0x00000007ac1a8000,0x00000007ac700000)
  to   space 6144K, 0% used [0x00000007abb00000,0x00000007abb00000,0x00000007ac100000)
 ParOldGen       total 39936K, used 16755K [0x0000000780000000, 0x0000000782700000, 0x00000007aab00000)
  object space 39936K, 41% used [0x0000000780000000,0x000000078105cee0,0x0000000782700000)
 Metaspace       used 20948K, capacity 21167K, committed 21552K, reserved 1069056K
  class space    used 2026K, capacity 2078K, committed 2176K, reserved 1048576K
}
Event: 59.396 GC heap before
{Heap before GC invocations=26 (full 1):
 PSYoungGen      total 22016K, used 16544K [0x00000007aab00000, 0x00000007ac700000, 0x00000007c0000000)
  eden space 16384K, 100% used [0x00000007aab00000,0x00000007abb00000,0x00000007abb00000)
  from space 5632K, 2% used [0x00000007ac180000,0x00000007ac1a8000,0x00000007ac700000)
  to   space 6144K, 0% used [0x00000007abb00000,0x00000007abb00000,0x00000007ac100000)
 ParOldGen       total 39936K, used 16755K [0x0000000780000000, 0x0000000782700000, 0x00000007aab00000)
  object space 39936K, 41% used [0x0000000780000000,0x000000078105cee0,0x0000000782700000)
 Metaspace       used 20952K, capacity 21167K, committed 21552K, reserved 1069056K
  class space    used 2027K, capacity 2078K, committed 2176K, reserved 1048576K
Event: 59.399 GC heap after
Heap after GC invocations=26 (full 1):
 PSYoungGen      total 16896K, used 128K [0x00000007aab00000, 0x00000007ac600000, 0x00000007c0000000)
  eden space 16384K, 0% used [0x00000007aab00000,0x00000007aab00000,0x00000007abb00000)
  from space 512K, 25% used [0x00000007abb00000,0x00000007abb20000,0x00000007abb80000)
  to   space 5632K, 0% used [0x00000007ac080000,0x00000007ac080000,0x00000007ac600000)
 ParOldGen       total 39936K, used 16755K [0x0000000780000000, 0x0000000782700000, 0x00000007aab00000)
  object space 39936K, 41% used [0x0000000780000000,0x000000078105cee0,0x0000000782700000)
 Metaspace       used 20952K, capacity 21167K, committed 21552K, reserved 1069056K
  class space    used 2027K, capacity 2078K, committed 2176K, reserved 1048576K
}

