# JRE version: Java(TM) SE Runtime Environment (8.0_65-b17) (build 1.8.0_65-b17)
# Java VM: Java HotSpot(TM) 64-Bit Server VM (25.65-b01 mixed mode bsd-amd64 compressed oops)
Heap:
 PSYoungGen      total 33280K, used 15406K [0x000000013f500000, 0x0000000142880000, 0x0000000154a00000)
  eden space 31232K, 43% used [0x000000013f500000,0x00000001402639d8,0x0000000141380000)
  from space 2048K, 82% used [0x0000000141480000,0x0000000141628040,0x0000000141680000)
  to   space 10752K, 0% used [0x0000000141e00000,0x0000000141e00000,0x0000000142880000)
 ParOldGen       total 44032K, used 19048K [0x0000000114a00000, 0x0000000117500000, 0x000000013f500000)
  object space 44032K, 43% used [0x0000000114a00000,0x0000000115c9a000,0x0000000117500000)
 Metaspace       used 20959K, capacity 21143K, committed 21296K, reserved 1069056K
  class space    used 2045K, capacity 2112K, committed 2176K, reserved 1048576K
GC Heap History (10 events):
Event: 6.993 GC heap before
{Heap before GC invocations=3 (full 0):
 PSYoungGen      total 18944K, used 18928K [0x000000013f500000, 0x0000000140a00000, 0x0000000154a00000)
  eden space 16384K, 100% used [0x000000013f500000,0x0000000140500000,0x0000000140500000)
  from space 2560K, 99% used [0x0000000140780000,0x00000001409fc010,0x0000000140a00000)
  to   space 2560K, 0% used [0x0000000140500000,0x0000000140500000,0x0000000140780000)
 ParOldGen       total 44032K, used 2511K [0x0000000114a00000, 0x0000000117500000, 0x000000013f500000)
  object space 44032K, 5% used [0x0000000114a00000,0x0000000114c73f88,0x0000000117500000)
 Metaspace       used 17333K, capacity 17535K, committed 17792K, reserved 1064960K
  class space    used 1763K, capacity 1852K, committed 1920K, reserved 1048576K
Event: 7.003 GC heap after
Heap after GC invocations=3 (full 0):
 PSYoungGen      total 18944K, used 2544K [0x000000013f500000, 0x0000000140a00000, 0x0000000154a00000)
  eden space 16384K, 0% used [0x000000013f500000,0x000000013f500000,0x0000000140500000)
  from space 2560K, 99% used [0x0000000140500000,0x000000014077c050,0x0000000140780000)
  to   space 2560K, 0% used [0x0000000140780000,0x0000000140780000,0x0000000140a00000)
 ParOldGen       total 44032K, used 6546K [0x0000000114a00000, 0x0000000117500000, 0x000000013f500000)
  object space 44032K, 14% used [0x0000000114a00000,0x0000000115064a40,0x0000000117500000)
 Metaspace       used 17333K, capacity 17535K, committed 17792K, reserved 1064960K
  class space    used 1763K, capacity 1852K, committed 1920K, reserved 1048576K
}
Event: 7.533 GC heap before
{Heap before GC invocations=4 (full 0):
 PSYoungGen      total 18944K, used 18928K [0x000000013f500000, 0x0000000140a00000, 0x0000000154a00000)
  eden space 16384K, 100% used [0x000000013f500000,0x0000000140500000,0x0000000140500000)
  from space 2560K, 99% used [0x0000000140500000,0x000000014077c050,0x0000000140780000)
  to   space 2560K, 0% used [0x0000000140780000,0x0000000140780000,0x0000000140a00000)
 ParOldGen       total 44032K, used 6546K [0x0000000114a00000, 0x0000000117500000, 0x000000013f500000)
  object space 44032K, 14% used [0x0000000114a00000,0x0000000115064a40,0x0000000117500000)
 Metaspace       used 19689K, capacity 19947K, committed 20096K, reserved 1067008K
  class space    used 1995K, capacity 2078K, committed 2176K, reserved 1048576K
Event: 7.543 GC heap after
Heap after GC invocations=4 (full 0):
 PSYoungGen      total 18944K, used 2528K [0x000000013f500000, 0x0000000141a00000, 0x0000000154a00000)
  eden space 16384K, 0% used [0x000000013f500000,0x000000013f500000,0x0000000140500000)
  from space 2560K, 98% used [0x0000000140780000,0x00000001409f8050,0x0000000140a00000)
  to   space 2560K, 0% used [0x0000000140500000,0x0000000140500000,0x0000000140780000)
 ParOldGen       total 44032K, used 13748K [0x0000000114a00000, 0x0000000117500000, 0x000000013f500000)
  object space 44032K, 31% used [0x0000000114a00000,0x000000011576d330,0x0000000117500000)
 Metaspace       used 19689K, capacity 19947K, committed 20096K, reserved 1067008K
  class space    used 1995K, capacity 2078K, committed 2176K, reserved 1048576K
}
Event: 7.997 GC heap before
{Heap before GC invocations=5 (full 0):
 PSYoungGen      total 18944K, used 18912K [0x000000013f500000, 0x0000000141a00000, 0x0000000154a00000)
  eden space 16384K, 100% used [0x000000013f500000,0x0000000140500000,0x0000000140500000)
  from space 2560K, 98% used [0x0000000140780000,0x00000001409f8050,0x0000000140a00000)
  to   space 2560K, 0% used [0x0000000140500000,0x0000000140500000,0x0000000140780000)
 ParOldGen       total 44032K, used 13748K [0x0000000114a00000, 0x0000000117500000, 0x000000013f500000)
  object space 44032K, 31% used [0x0000000114a00000,0x000000011576d330,0x0000000117500000)
 Metaspace       used 20302K, capacity 20503K, committed 20608K, reserved 1067008K
  class space    used 2037K, capacity 2112K, committed 2176K, reserved 1048576K
Event: 8.008 GC heap after
Heap after GC invocations=5 (full 0):
 PSYoungGen      total 18944K, used 2528K [0x000000013f500000, 0x0000000142900000, 0x0000000154a00000)
  eden space 16384K, 0% used [0x000000013f500000,0x000000013f500000,0x0000000140500000)
  from space 2560K, 98% used [0x0000000140500000,0x0000000140778040,0x0000000140780000)
  to   space 10240K, 0% used [0x0000000141f00000,0x0000000141f00000,0x0000000142900000)
 ParOldGen       total 44032K, used 18079K [0x0000000114a00000, 0x0000000117500000, 0x000000013f500000)
  object space 44032K, 41% used [0x0000000114a00000,0x0000000115ba7fb0,0x0000000117500000)
 Metaspace       used 20302K, capacity 20503K, committed 20608K, reserved 1067008K
  class space    used 2037K, capacity 2112K, committed 2176K, reserved 1048576K
}
Event: 11.220 GC heap before
{Heap before GC invocations=6 (full 0):
 PSYoungGen      total 18944K, used 18912K [0x000000013f500000, 0x0000000142900000, 0x0000000154a00000)
  eden space 16384K, 100% used [0x000000013f500000,0x0000000140500000,0x0000000140500000)
  from space 2560K, 98% used [0x0000000140500000,0x0000000140778040,0x0000000140780000)
  to   space 10240K, 0% used [0x0000000141f00000,0x0000000141f00000,0x0000000142900000)
 ParOldGen       total 44032K, used 18079K [0x0000000114a00000, 0x0000000117500000, 0x000000013f500000)
  object space 44032K, 41% used [0x0000000114a00000,0x0000000115ba7fb0,0x0000000117500000)
 Metaspace       used 20652K, capacity 20887K, committed 21120K, reserved 1069056K
  class space    used 2037K, capacity 2112K, committed 2176K, reserved 1048576K
Event: 11.228 GC heap after
Heap after GC invocations=6 (full 0):
 PSYoungGen      total 42496K, used 2672K [0x000000013f500000, 0x0000000142a00000, 0x0000000154a00000)
  eden space 32256K, 0% used [0x000000013f500000,0x000000013f500000,0x0000000141480000)
  from space 10240K, 26% used [0x0000000141f00000,0x000000014219c050,0x0000000142900000)
  to   space 10752K, 0% used [0x0000000141480000,0x0000000141480000,0x0000000141f00000)
 ParOldGen       total 44032K, used 18079K [0x0000000114a00000, 0x0000000117500000, 0x000000013f500000)
  object space 44032K, 41% used [0x0000000114a00000,0x0000000115ba7fb0,0x0000000117500000)
 Metaspace       used 20652K, capacity 20887K, committed 21120K, reserved 1069056K
  class space    used 2037K, capacity 2112K, committed 2176K, reserved 1048576K
}
Event: 19.268 GC heap before
{Heap before GC invocations=7 (full 0):
 PSYoungGen      total 42496K, used 34928K [0x000000013f500000, 0x0000000142a00000, 0x0000000154a00000)
  eden space 32256K, 100% used [0x000000013f500000,0x0000000141480000,0x0000000141480000)
  from space 10240K, 26% used [0x0000000141f00000,0x000000014219c050,0x0000000142900000)
  to   space 10752K, 0% used [0x0000000141480000,0x0000000141480000,0x0000000141f00000)
 ParOldGen       total 44032K, used 18079K [0x0000000114a00000, 0x0000000117500000, 0x000000013f500000)
  object space 44032K, 41% used [0x0000000114a00000,0x0000000115ba7fb0,0x0000000117500000)
 Metaspace       used 20919K, capacity 21143K, committed 21296K, reserved 1069056K
  class space    used 2037K, capacity 2112K, committed 2176K, reserved 1048576K
Event: 19.276 GC heap after
Heap after GC invocations=7 (full 0):
 PSYoungGen      total 33280K, used 1696K [0x000000013f500000, 0x0000000142880000, 0x0000000154a00000)
  eden space 31232K, 0% used [0x000000013f500000,0x000000013f500000,0x0000000141380000)
  from space 2048K, 82% used [0x0000000141480000,0x0000000141628040,0x0000000141680000)
  to   space 10752K, 0% used [0x0000000141e00000,0x0000000141e00000,0x0000000142880000)
 ParOldGen       total 44032K, used 19048K [0x0000000114a00000, 0x0000000117500000, 0x000000013f500000)
  object space 44032K, 43% used [0x0000000114a00000,0x0000000115c9a000,0x0000000117500000)
 Metaspace       used 20919K, capacity 21143K, committed 21296K, reserved 1069056K
  class space    used 2037K, capacity 2112K, committed 2176K, reserved 1048576K
}

