# JRE version: Java(TM) SE Runtime Environment (8.0_65-b17) (build 1.8.0_65-b17)
# Java VM: Java HotSpot(TM) 64-Bit Server VM (25.65-b01 mixed mode bsd-amd64 compressed oops)
Heap:
 PSYoungGen      total 21504K, used 5009K [0x00000007aab00000, 0x00000007ac680000, 0x00000007c0000000)
  eden space 15872K, 30% used [0x00000007aab00000,0x00000007aafbc5e0,0x00000007aba80000)
  from space 5632K, 2% used [0x00000007ac100000,0x00000007ac128000,0x00000007ac680000)
  to   space 6144K, 0% used [0x00000007aba80000,0x00000007aba80000,0x00000007ac080000)
 ParOldGen       total 39424K, used 16206K [0x0000000780000000, 0x0000000782680000, 0x00000007aab00000)
  object space 39424K, 41% used [0x0000000780000000,0x0000000780fd3a40,0x0000000782680000)
 Metaspace       used 21044K, capacity 21287K, committed 21552K, reserved 1069056K
  class space    used 2050K, capacity 2142K, committed 2176K, reserved 1048576K
GC Heap History (10 events):
Event: 36.353 GC heap before
{Heap before GC invocations=21 (full 1):
 PSYoungGen      total 16384K, used 16000K [0x00000007aab00000, 0x00000007aca80000, 0x00000007c0000000)
  eden space 15872K, 100% used [0x00000007aab00000,0x00000007aba80000,0x00000007aba80000)
  from space 512K, 25% used [0x00000007aba80000,0x00000007abaa0000,0x00000007abb00000)
  to   space 8192K, 0% used [0x00000007ac280000,0x00000007ac280000,0x00000007aca80000)
 ParOldGen       total 39424K, used 16198K [0x0000000780000000, 0x0000000782680000, 0x00000007aab00000)
  object space 39424K, 41% used [0x0000000780000000,0x0000000780fd1a40,0x0000000782680000)
 Metaspace       used 21000K, capacity 21249K, committed 21552K, reserved 1069056K
  class space    used 2042K, capacity 2109K, committed 2176K, reserved 1048576K
Event: 36.355 GC heap after
Heap after GC invocations=21 (full 1):
 PSYoungGen      total 23040K, used 96K [0x00000007aab00000, 0x00000007ac980000, 0x00000007c0000000)
  eden space 15872K, 0% used [0x00000007aab00000,0x00000007aab00000,0x00000007aba80000)
  from space 7168K, 1% used [0x00000007ac280000,0x00000007ac298000,0x00000007ac980000)
  to   space 7680K, 0% used [0x00000007aba80000,0x00000007aba80000,0x00000007ac200000)
 ParOldGen       total 39424K, used 16198K [0x0000000780000000, 0x0000000782680000, 0x00000007aab00000)
  object space 39424K, 41% used [0x0000000780000000,0x0000000780fd1a40,0x0000000782680000)
 Metaspace       used 21000K, capacity 21249K, committed 21552K, reserved 1069056K
  class space    used 2042K, capacity 2109K, committed 2176K, reserved 1048576K
}
Event: 38.412 GC heap before
{Heap before GC invocations=22 (full 1):
 PSYoungGen      total 23040K, used 15968K [0x00000007aab00000, 0x00000007ac980000, 0x00000007c0000000)
  eden space 15872K, 100% used [0x00000007aab00000,0x00000007aba80000,0x00000007aba80000)
  from space 7168K, 1% used [0x00000007ac280000,0x00000007ac298000,0x00000007ac980000)
  to   space 7680K, 0% used [0x00000007aba80000,0x00000007aba80000,0x00000007ac200000)
 ParOldGen       total 39424K, used 16198K [0x0000000780000000, 0x0000000782680000, 0x00000007aab00000)
  object space 39424K, 41% used [0x0000000780000000,0x0000000780fd1a40,0x0000000782680000)
 Metaspace       used 21000K, capacity 21249K, committed 21552K, reserved 1069056K
  class space    used 2042K, capacity 2109K, committed 2176K, reserved 1048576K
Event: 38.413 GC heap after
Heap after GC invocations=22 (full 1):
 PSYoungGen      total 16384K, used 160K [0x00000007aab00000, 0x00000007ac880000, 0x00000007c0000000)
  eden space 15872K, 0% used [0x00000007aab00000,0x00000007aab00000,0x00000007aba80000)
  from space 512K, 31% used [0x00000007aba80000,0x00000007abaa8000,0x00000007abb00000)
  to   space 7168K, 0% used [0x00000007ac180000,0x00000007ac180000,0x00000007ac880000)
 ParOldGen       total 39424K, used 16198K [0x0000000780000000, 0x0000000782680000, 0x00000007aab00000)
  object space 39424K, 41% used [0x0000000780000000,0x0000000780fd1a40,0x0000000782680000)
 Metaspace       used 21000K, capacity 21249K, committed 21552K, reserved 1069056K
  class space    used 2042K, capacity 2109K, committed 2176K, reserved 1048576K
}
Event: 40.469 GC heap before
{Heap before GC invocations=23 (full 1):
 PSYoungGen      total 16384K, used 16032K [0x00000007aab00000, 0x00000007ac880000, 0x00000007c0000000)
  eden space 15872K, 100% used [0x00000007aab00000,0x00000007aba80000,0x00000007aba80000)
  from space 512K, 31% used [0x00000007aba80000,0x00000007abaa8000,0x00000007abb00000)
  to   space 7168K, 0% used [0x00000007ac180000,0x00000007ac180000,0x00000007ac880000)
 ParOldGen       total 39424K, used 16198K [0x0000000780000000, 0x0000000782680000, 0x00000007aab00000)
  object space 39424K, 41% used [0x0000000780000000,0x0000000780fd1a40,0x0000000782680000)
 Metaspace       used 21000K, capacity 21249K, committed 21552K, reserved 1069056K
  class space    used 2042K, capacity 2109K, committed 2176K, reserved 1048576K
Event: 40.470 GC heap after
Heap after GC invocations=23 (full 1):
 PSYoungGen      total 22016K, used 160K [0x00000007aab00000, 0x00000007ac780000, 0x00000007c0000000)
  eden space 15872K, 0% used [0x00000007aab00000,0x00000007aab00000,0x00000007aba80000)
  from space 6144K, 2% used [0x00000007ac180000,0x00000007ac1a8000,0x00000007ac780000)
  to   space 6656K, 0% used [0x00000007aba80000,0x00000007aba80000,0x00000007ac100000)
 ParOldGen       total 39424K, used 16198K [0x0000000780000000, 0x0000000782680000, 0x00000007aab00000)
  object space 39424K, 41% used [0x0000000780000000,0x0000000780fd1a40,0x0000000782680000)
 Metaspace       used 21000K, capacity 21249K, committed 21552K, reserved 1069056K
  class space    used 2042K, capacity 2109K, committed 2176K, reserved 1048576K
}
Event: 42.473 GC heap before
{Heap before GC invocations=24 (full 1):
 PSYoungGen      total 22016K, used 16032K [0x00000007aab00000, 0x00000007ac780000, 0x00000007c0000000)
  eden space 15872K, 100% used [0x00000007aab00000,0x00000007aba80000,0x00000007aba80000)
  from space 6144K, 2% used [0x00000007ac180000,0x00000007ac1a8000,0x00000007ac780000)
  to   space 6656K, 0% used [0x00000007aba80000,0x00000007aba80000,0x00000007ac100000)
 ParOldGen       total 39424K, used 16198K [0x0000000780000000, 0x0000000782680000, 0x00000007aab00000)
  object space 39424K, 41% used [0x0000000780000000,0x0000000780fd1a40,0x0000000782680000)
 Metaspace       used 21000K, capacity 21249K, committed 21552K, reserved 1069056K
  class space    used 2042K, capacity 2109K, committed 2176K, reserved 1048576K
Event: 42.474 GC heap after
Heap after GC invocations=24 (full 1):
 PSYoungGen      total 22528K, used 128K [0x00000007aab00000, 0x00000007ac780000, 0x00000007c0000000)
  eden space 15872K, 0% used [0x00000007aab00000,0x00000007aab00000,0x00000007aba80000)
  from space 6656K, 1% used [0x00000007aba80000,0x00000007abaa0000,0x00000007ac100000)
  to   space 6656K, 0% used [0x00000007ac100000,0x00000007ac100000,0x00000007ac780000)
 ParOldGen       total 39424K, used 16198K [0x0000000780000000, 0x0000000782680000, 0x00000007aab00000)
  object space 39424K, 41% used [0x0000000780000000,0x0000000780fd1a40,0x0000000782680000)
 Metaspace       used 21000K, capacity 21249K, committed 21552K, reserved 1069056K
  class space    used 2042K, capacity 2109K, committed 2176K, reserved 1048576K
}
Event: 44.483 GC heap before
{Heap before GC invocations=25 (full 1):
 PSYoungGen      total 22528K, used 16000K [0x00000007aab00000, 0x00000007ac780000, 0x00000007c0000000)
  eden space 15872K, 100% used [0x00000007aab00000,0x00000007aba80000,0x00000007aba80000)
  from space 6656K, 1% used [0x00000007aba80000,0x00000007abaa0000,0x00000007ac100000)
  to   space 6656K, 0% used [0x00000007ac100000,0x00000007ac100000,0x00000007ac780000)
 ParOldGen       total 39424K, used 16198K [0x0000000780000000, 0x0000000782680000, 0x00000007aab00000)
  object space 39424K, 41% used [0x0000000780000000,0x0000000780fd1a40,0x0000000782680000)
 Metaspace       used 21006K, capacity 21255K, committed 21552K, reserved 1069056K
  class space    used 2042K, capacity 2110K, committed 2176K, reserved 1048576K
Event: 44.485 GC heap after
Heap after GC invocations=25 (full 1):
 PSYoungGen      total 21504K, used 160K [0x00000007aab00000, 0x00000007ac680000, 0x00000007c0000000)
  eden space 15872K, 0% used [0x00000007aab00000,0x00000007aab00000,0x00000007aba80000)
  from space 5632K, 2% used [0x00000007ac100000,0x00000007ac128000,0x00000007ac680000)
  to   space 6144K, 0% used [0x00000007aba80000,0x00000007aba80000,0x00000007ac080000)
 ParOldGen       total 39424K, used 16206K [0x0000000780000000, 0x0000000782680000, 0x00000007aab00000)
  object space 39424K, 41% used [0x0000000780000000,0x0000000780fd3a40,0x0000000782680000)
 Metaspace       used 21006K, capacity 21255K, committed 21552K, reserved 1069056K
  class space    used 2042K, capacity 2110K, committed 2176K, reserved 1048576K
}

