# JRE version: Java(TM) SE Runtime Environment (8.0_65-b17) (build 1.8.0_65-b17)
# Java VM: Java HotSpot(TM) 64-Bit Server VM (25.65-b01 mixed mode bsd-amd64 compressed oops)
Heap:
 PSYoungGen      total 215552K, used 80738K [0x00000007aab00000, 0x00000007bf180000, 0x00000007c0000000)
  eden space 201728K, 40% used [0x00000007aab00000,0x00000007af9d0920,0x00000007b7000000)
  from space 13824K, 0% used [0x00000007bd680000,0x00000007bd688000,0x00000007be400000)
  to   space 13312K, 0% used [0x00000007be480000,0x00000007be480000,0x00000007bf180000)
 ParOldGen       total 43008K, used 29044K [0x0000000780000000, 0x0000000782a00000, 0x00000007aab00000)
  object space 43008K, 67% used [0x0000000780000000,0x0000000781c5d300,0x0000000782a00000)
 Metaspace       used 27436K, capacity 27645K, committed 27904K, reserved 1075200K
  class space    used 2150K, capacity 2240K, committed 2304K, reserved 1048576K
GC Heap History (10 events):
Event: 66.600 GC heap before
{Heap before GC invocations=14 (full 1):
 PSYoungGen      total 163328K, used 150624K [0x00000007aab00000, 0x00000007b5a00000, 0x00000007c0000000)
  eden space 150528K, 100% used [0x00000007aab00000,0x00000007b3e00000,0x00000007b3e00000)
  from space 12800K, 0% used [0x00000007b4d80000,0x00000007b4d98000,0x00000007b5a00000)
  to   space 14336K, 0% used [0x00000007b3e00000,0x00000007b3e00000,0x00000007b4c00000)
 ParOldGen       total 43008K, used 28940K [0x0000000780000000, 0x0000000782a00000, 0x00000007aab00000)
  object space 43008K, 67% used [0x0000000780000000,0x0000000781c43300,0x0000000782a00000)
 Metaspace       used 27317K, capacity 27581K, committed 27904K, reserved 1075200K
  class space    used 2140K, capacity 2240K, committed 2304K, reserved 1048576K
Event: 66.601 GC heap after
Heap after GC invocations=14 (full 1):
 PSYoungGen      total 164864K, used 96K [0x00000007aab00000, 0x00000007ba380000, 0x00000007c0000000)
  eden space 150528K, 0% used [0x00000007aab00000,0x00000007aab00000,0x00000007b3e00000)
  from space 14336K, 0% used [0x00000007b3e00000,0x00000007b3e18000,0x00000007b4c00000)
  to   space 14336K, 0% used [0x00000007b9580000,0x00000007b9580000,0x00000007ba380000)
 ParOldGen       total 43008K, used 28972K [0x0000000780000000, 0x0000000782a00000, 0x00000007aab00000)
  object space 43008K, 67% used [0x0000000780000000,0x0000000781c4b300,0x0000000782a00000)
 Metaspace       used 27317K, capacity 27581K, committed 27904K, reserved 1075200K
  class space    used 2140K, capacity 2240K, committed 2304K, reserved 1048576K
}
Event: 81.773 GC heap before
{Heap before GC invocations=15 (full 1):
 PSYoungGen      total 164864K, used 150624K [0x00000007aab00000, 0x00000007ba380000, 0x00000007c0000000)
  eden space 150528K, 100% used [0x00000007aab00000,0x00000007b3e00000,0x00000007b3e00000)
  from space 14336K, 0% used [0x00000007b3e00000,0x00000007b3e18000,0x00000007b4c00000)
  to   space 14336K, 0% used [0x00000007b9580000,0x00000007b9580000,0x00000007ba380000)
 ParOldGen       total 43008K, used 28972K [0x0000000780000000, 0x0000000782a00000, 0x00000007aab00000)
  object space 43008K, 67% used [0x0000000780000000,0x0000000781c4b300,0x0000000782a00000)
 Metaspace       used 27317K, capacity 27581K, committed 27904K, reserved 1075200K
  class space    used 2140K, capacity 2240K, committed 2304K, reserved 1048576K
Event: 81.775 GC heap after
Heap after GC invocations=15 (full 1):
 PSYoungGen      total 231936K, used 96K [0x00000007aab00000, 0x00000007b9f80000, 0x00000007c0000000)
  eden space 221696K, 0% used [0x00000007aab00000,0x00000007aab00000,0x00000007b8380000)
  from space 10240K, 0% used [0x00000007b9580000,0x00000007b9598000,0x00000007b9f80000)
  to   space 14336K, 0% used [0x00000007b8380000,0x00000007b8380000,0x00000007b9180000)
 ParOldGen       total 43008K, used 28980K [0x0000000780000000, 0x0000000782a00000, 0x00000007aab00000)
  object space 43008K, 67% used [0x0000000780000000,0x0000000781c4d300,0x0000000782a00000)
 Metaspace       used 27317K, capacity 27581K, committed 27904K, reserved 1075200K
  class space    used 2140K, capacity 2240K, committed 2304K, reserved 1048576K
}
Event: 103.594 GC heap before
{Heap before GC invocations=16 (full 1):
 PSYoungGen      total 231936K, used 221792K [0x00000007aab00000, 0x00000007b9f80000, 0x00000007c0000000)
  eden space 221696K, 100% used [0x00000007aab00000,0x00000007b8380000,0x00000007b8380000)
  from space 10240K, 0% used [0x00000007b9580000,0x00000007b9598000,0x00000007b9f80000)
  to   space 14336K, 0% used [0x00000007b8380000,0x00000007b8380000,0x00000007b9180000)
 ParOldGen       total 43008K, used 28980K [0x0000000780000000, 0x0000000782a00000, 0x00000007aab00000)
  object space 43008K, 67% used [0x0000000780000000,0x0000000781c4d300,0x0000000782a00000)
 Metaspace       used 27317K, capacity 27581K, committed 27904K, reserved 1075200K
  class space    used 2140K, capacity 2240K, committed 2304K, reserved 1048576K
Event: 103.595 GC heap after
Heap after GC invocations=16 (full 1):
 PSYoungGen      total 236032K, used 96K [0x00000007aab00000, 0x00000007bff00000, 0x00000007c0000000)
  eden space 221696K, 0% used [0x00000007aab00000,0x00000007aab00000,0x00000007b8380000)
  from space 14336K, 0% used [0x00000007b8380000,0x00000007b8398000,0x00000007b9180000)
  to   space 14336K, 0% used [0x00000007bf100000,0x00000007bf100000,0x00000007bff00000)
 ParOldGen       total 43008K, used 28996K [0x0000000780000000, 0x0000000782a00000, 0x00000007aab00000)
  object space 43008K, 67% used [0x0000000780000000,0x0000000781c51300,0x0000000782a00000)
 Metaspace       used 27317K, capacity 27581K, committed 27904K, reserved 1075200K
  class space    used 2140K, capacity 2240K, committed 2304K, reserved 1048576K
}
Event: 130.343 GC heap before
{Heap before GC invocations=17 (full 1):
 PSYoungGen      total 236032K, used 221792K [0x00000007aab00000, 0x00000007bff00000, 0x00000007c0000000)
  eden space 221696K, 100% used [0x00000007aab00000,0x00000007b8380000,0x00000007b8380000)
  from space 14336K, 0% used [0x00000007b8380000,0x00000007b8398000,0x00000007b9180000)
  to   space 14336K, 0% used [0x00000007bf100000,0x00000007bf100000,0x00000007bff00000)
 ParOldGen       total 43008K, used 28996K [0x0000000780000000, 0x0000000782a00000, 0x00000007aab00000)
  object space 43008K, 67% used [0x0000000780000000,0x0000000781c51300,0x0000000782a00000)
 Metaspace       used 27319K, capacity 27581K, committed 27904K, reserved 1075200K
  class space    used 2141K, capacity 2240K, committed 2304K, reserved 1048576K
Event: 130.348 GC heap after
Heap after GC invocations=17 (full 1):
 PSYoungGen      total 211968K, used 64K [0x00000007aab00000, 0x00000007bf180000, 0x00000007c0000000)
  eden space 211456K, 0% used [0x00000007aab00000,0x00000007aab00000,0x00000007b7980000)
  from space 512K, 12% used [0x00000007bf100000,0x00000007bf110000,0x00000007bf180000)
  to   space 13824K, 0% used [0x00000007bd680000,0x00000007bd680000,0x00000007be400000)
 ParOldGen       total 43008K, used 29004K [0x0000000780000000, 0x0000000782a00000, 0x00000007aab00000)
  object space 43008K, 67% used [0x0000000780000000,0x0000000781c53300,0x0000000782a00000)
 Metaspace       used 27319K, capacity 27581K, committed 27904K, reserved 1075200K
  class space    used 2141K, capacity 2240K, committed 2304K, reserved 1048576K
}
Event: 154.865 GC heap before
{Heap before GC invocations=18 (full 1):
 PSYoungGen      total 211968K, used 211520K [0x00000007aab00000, 0x00000007bf180000, 0x00000007c0000000)
  eden space 211456K, 100% used [0x00000007aab00000,0x00000007b7980000,0x00000007b7980000)
  from space 512K, 12% used [0x00000007bf100000,0x00000007bf110000,0x00000007bf180000)
  to   space 13824K, 0% used [0x00000007bd680000,0x00000007bd680000,0x00000007be400000)
 ParOldGen       total 43008K, used 29004K [0x0000000780000000, 0x0000000782a00000, 0x00000007aab00000)
  object space 43008K, 67% used [0x0000000780000000,0x0000000781c53300,0x0000000782a00000)
 Metaspace       used 27319K, capacity 27581K, committed 27904K, reserved 1075200K
  class space    used 2141K, capacity 2240K, committed 2304K, reserved 1048576K
Event: 154.867 GC heap after
Heap after GC invocations=18 (full 1):
 PSYoungGen      total 215552K, used 32K [0x00000007aab00000, 0x00000007bf180000, 0x00000007c0000000)
  eden space 201728K, 0% used [0x00000007aab00000,0x00000007aab00000,0x00000007b7000000)
  from space 13824K, 0% used [0x00000007bd680000,0x00000007bd688000,0x00000007be400000)
  to   space 13312K, 0% used [0x00000007be480000,0x00000007be480000,0x00000007bf180000)
 ParOldGen       total 43008K, used 29044K [0x0000000780000000, 0x0000000782a00000, 0x00000007aab00000)
  object space 43008K, 67% used [0x0000000780000000,0x0000000781c5d300,0x0000000782a00000)
 Metaspace       used 27319K, capacity 27581K, committed 27904K, reserved 1075200K
  class space    used 2141K, capacity 2240K, committed 2304K, reserved 1048576K
}

