# JRE version: Java(TM) SE Runtime Environment (8.0_65-b17) (build 1.8.0_65-b17)
# Java VM: Java HotSpot(TM) 64-Bit Server VM (25.65-b01 mixed mode bsd-amd64 compressed oops)
Heap:
 PSYoungGen      total 26112K, used 14121K [0x00000007aab00000, 0x00000007ad000000, 0x00000007c0000000)
  eden space 15872K, 86% used [0x00000007aab00000,0x00000007ab862590,0x00000007aba80000)
  from space 10240K, 4% used [0x00000007ac500000,0x00000007ac568010,0x00000007acf00000)
  to   space 10752K, 0% used [0x00000007aba80000,0x00000007aba80000,0x00000007ac500000)
 ParOldGen       total 44032K, used 19166K [0x0000000780000000, 0x0000000782b00000, 0x00000007aab00000)
  object space 44032K, 43% used [0x0000000780000000,0x00000007812b7870,0x0000000782b00000)
 Metaspace       used 20604K, capacity 20807K, committed 21120K, reserved 1069056K
  class space    used 2030K, capacity 2110K, committed 2176K, reserved 1048576K
GC Heap History (10 events):
Event: 5.552 GC heap before
{Heap before GC invocations=4 (full 0):
 PSYoungGen      total 18944K, used 18693K [0x00000007aab00000, 0x00000007ac000000, 0x00000007c0000000)
  eden space 16384K, 98% used [0x00000007aab00000,0x00000007abac4eb8,0x00000007abb00000)
  from space 2560K, 99% used [0x00000007abb00000,0x00000007abd7c730,0x00000007abd80000)
  to   space 2560K, 0% used [0x00000007abd80000,0x00000007abd80000,0x00000007ac000000)
 ParOldGen       total 44032K, used 7651K [0x0000000780000000, 0x0000000782b00000, 0x00000007aab00000)
  object space 44032K, 17% used [0x0000000780000000,0x0000000780778fa8,0x0000000782b00000)
 Metaspace       used 19842K, capacity 20055K, committed 20352K, reserved 1067008K
  class space    used 2008K, capacity 2076K, committed 2176K, reserved 1048576K
Event: 5.563 GC heap after
Heap after GC invocations=4 (full 0):
 PSYoungGen      total 18944K, used 2545K [0x00000007aab00000, 0x00000007ad000000, 0x00000007c0000000)
  eden space 16384K, 0% used [0x00000007aab00000,0x00000007aab00000,0x00000007abb00000)
  from space 2560K, 99% used [0x00000007abd80000,0x00000007abffc740,0x00000007ac000000)
  to   space 2560K, 0% used [0x00000007abb00000,0x00000007abb00000,0x00000007abd80000)
 ParOldGen       total 44032K, used 14231K [0x0000000780000000, 0x0000000782b00000, 0x00000007aab00000)
  object space 44032K, 32% used [0x0000000780000000,0x0000000780de5f58,0x0000000782b00000)
 Metaspace       used 19842K, capacity 20055K, committed 20352K, reserved 1067008K
  class space    used 2008K, capacity 2076K, committed 2176K, reserved 1048576K
}
Event: 7.050 GC heap before
{Heap before GC invocations=5 (full 0):
 PSYoungGen      total 18944K, used 18929K [0x00000007aab00000, 0x00000007ad000000, 0x00000007c0000000)
  eden space 16384K, 100% used [0x00000007aab00000,0x00000007abb00000,0x00000007abb00000)
  from space 2560K, 99% used [0x00000007abd80000,0x00000007abffc740,0x00000007ac000000)
  to   space 2560K, 0% used [0x00000007abb00000,0x00000007abb00000,0x00000007abd80000)
 ParOldGen       total 44032K, used 14231K [0x0000000780000000, 0x0000000782b00000, 0x00000007aab00000)
  object space 44032K, 32% used [0x0000000780000000,0x0000000780de5f58,0x0000000782b00000)
 Metaspace       used 20051K, capacity 20253K, committed 20608K, reserved 1067008K
  class space    used 2009K, capacity 2077K, committed 2176K, reserved 1048576K
Event: 7.056 GC heap after
Heap after GC invocations=5 (full 0):
 PSYoungGen      total 18944K, used 2545K [0x00000007aab00000, 0x00000007acf00000, 0x00000007c0000000)
  eden space 16384K, 0% used [0x00000007aab00000,0x00000007aab00000,0x00000007abb00000)
  from space 2560K, 99% used [0x00000007abb00000,0x00000007abd7c740,0x00000007abd80000)
  to   space 10240K, 0% used [0x00000007ac500000,0x00000007ac500000,0x00000007acf00000)
 ParOldGen       total 44032K, used 16864K [0x0000000780000000, 0x0000000782b00000, 0x00000007aab00000)
  object space 44032K, 38% used [0x0000000780000000,0x0000000781078008,0x0000000782b00000)
 Metaspace       used 20051K, capacity 20253K, committed 20608K, reserved 1067008K
  class space    used 2009K, capacity 2077K, committed 2176K, reserved 1048576K
}
Event: 11.043 GC heap before
{Heap before GC invocations=6 (full 0):
 PSYoungGen      total 18944K, used 18929K [0x00000007aab00000, 0x00000007acf00000, 0x00000007c0000000)
  eden space 16384K, 100% used [0x00000007aab00000,0x00000007abb00000,0x00000007abb00000)
  from space 2560K, 99% used [0x00000007abb00000,0x00000007abd7c740,0x00000007abd80000)
  to   space 10240K, 0% used [0x00000007ac500000,0x00000007ac500000,0x00000007acf00000)
 ParOldGen       total 44032K, used 16864K [0x0000000780000000, 0x0000000782b00000, 0x00000007aab00000)
  object space 44032K, 38% used [0x0000000780000000,0x0000000781078008,0x0000000782b00000)
 Metaspace       used 20414K, capacity 20605K, committed 20864K, reserved 1069056K
  class space    used 2022K, capacity 2109K, committed 2176K, reserved 1048576K
Event: 11.050 GC heap after
Heap after GC invocations=6 (full 0):
 PSYoungGen      total 26624K, used 2673K [0x00000007aab00000, 0x00000007acf00000, 0x00000007c0000000)
  eden space 16384K, 0% used [0x00000007aab00000,0x00000007aab00000,0x00000007abb00000)
  from space 10240K, 26% used [0x00000007ac500000,0x00000007ac79c740,0x00000007acf00000)
  to   space 10240K, 0% used [0x00000007abb00000,0x00000007abb00000,0x00000007ac500000)
 ParOldGen       total 44032K, used 16872K [0x0000000780000000, 0x0000000782b00000, 0x00000007aab00000)
  object space 44032K, 38% used [0x0000000780000000,0x000000078107a008,0x0000000782b00000)
 Metaspace       used 20414K, capacity 20605K, committed 20864K, reserved 1069056K
  class space    used 2022K, capacity 2109K, committed 2176K, reserved 1048576K
}
Event: 15.031 GC heap before
{Heap before GC invocations=7 (full 0):
 PSYoungGen      total 26624K, used 19057K [0x00000007aab00000, 0x00000007acf00000, 0x00000007c0000000)
  eden space 16384K, 100% used [0x00000007aab00000,0x00000007abb00000,0x00000007abb00000)
  from space 10240K, 26% used [0x00000007ac500000,0x00000007ac79c740,0x00000007acf00000)
  to   space 10240K, 0% used [0x00000007abb00000,0x00000007abb00000,0x00000007ac500000)
 ParOldGen       total 44032K, used 16872K [0x0000000780000000, 0x0000000782b00000, 0x00000007aab00000)
  object space 44032K, 38% used [0x0000000780000000,0x000000078107a008,0x0000000782b00000)
 Metaspace       used 20539K, capacity 20733K, committed 20864K, reserved 1069056K
  class space    used 2022K, capacity 2109K, committed 2176K, reserved 1048576K
Event: 15.038 GC heap after
Heap after GC invocations=7 (full 0):
 PSYoungGen      total 26624K, used 1489K [0x00000007aab00000, 0x00000007acf00000, 0x00000007c0000000)
  eden space 16384K, 0% used [0x00000007aab00000,0x00000007aab00000,0x00000007abb00000)
  from space 10240K, 14% used [0x00000007abb00000,0x00000007abc74740,0x00000007ac500000)
  to   space 10240K, 0% used [0x00000007ac500000,0x00000007ac500000,0x00000007acf00000)
 ParOldGen       total 44032K, used 18049K [0x0000000780000000, 0x0000000782b00000, 0x00000007aab00000)
  object space 44032K, 40% used [0x0000000780000000,0x00000007811a0660,0x0000000782b00000)
 Metaspace       used 20539K, capacity 20733K, committed 20864K, reserved 1069056K
  class space    used 2022K, capacity 2109K, committed 2176K, reserved 1048576K
}
Event: 19.035 GC heap before
{Heap before GC invocations=8 (full 0):
 PSYoungGen      total 26624K, used 17873K [0x00000007aab00000, 0x00000007acf00000, 0x00000007c0000000)
  eden space 16384K, 100% used [0x00000007aab00000,0x00000007abb00000,0x00000007abb00000)
  from space 10240K, 14% used [0x00000007abb00000,0x00000007abc74740,0x00000007ac500000)
  to   space 10240K, 0% used [0x00000007ac500000,0x00000007ac500000,0x00000007acf00000)
 ParOldGen       total 44032K, used 18049K [0x0000000780000000, 0x0000000782b00000, 0x00000007aab00000)
  object space 44032K, 40% used [0x0000000780000000,0x00000007811a0660,0x0000000782b00000)
 Metaspace       used 20554K, capacity 20739K, committed 20864K, reserved 1069056K
  class space    used 2023K, capacity 2110K, committed 2176K, reserved 1048576K
Event: 19.038 GC heap after
Heap after GC invocations=8 (full 0):
 PSYoungGen      total 26112K, used 416K [0x00000007aab00000, 0x00000007ad000000, 0x00000007c0000000)
  eden space 15872K, 0% used [0x00000007aab00000,0x00000007aab00000,0x00000007aba80000)
  from space 10240K, 4% used [0x00000007ac500000,0x00000007ac568010,0x00000007acf00000)
  to   space 10752K, 0% used [0x00000007aba80000,0x00000007aba80000,0x00000007ac500000)
 ParOldGen       total 44032K, used 19166K [0x0000000780000000, 0x0000000782b00000, 0x00000007aab00000)
  object space 44032K, 43% used [0x0000000780000000,0x00000007812b7870,0x0000000782b00000)
 Metaspace       used 20554K, capacity 20739K, committed 20864K, reserved 1069056K
  class space    used 2023K, capacity 2110K, committed 2176K, reserved 1048576K
}

